<?xml version="1.0" encoding="UTF-8"?>
<testsuite name="com.cognizant.ShoppingCartTestCase" tests="1" skipped="0" failures="0" errors="0" timestamp="2021-04-24T23:35:31" hostname="LTUS145047" time="0.031">
  <properties/>
  <testcase name="testHighlightedSaleItems()" classname="com.cognizant.ShoppingCartTestCase" time="0.031"/>
  <system-out><![CDATA[]]></system-out>
  <system-err><![CDATA[]]></system-err>
</testsuite>
